<?xml version="1.0" encoding="UTF-8"?>
<!-- Generated by org.testng.reporters.JUnitXMLReporter -->
<testsuite ignored="0" hostname="DESKTOP-77OND9C" failures="0" tests="4" name="Test" time="26.134" errors="0" timestamp="2022-07-21T18:07:16 IST">
  <testcase classname="extentreport.EReport" name="EngtoOdia" time="8.598"/>
  <testcase classname="extentreport.EReport" name="OdiatoEng" time="5.65"/>
  <testcase classname="extentreport.EReport" name="OdiatoHindi" time="5.796"/>
  <testcase classname="extentreport.EReport" name="HinditoOdia" time="5.971"/>
</testsuite> <!-- Test -->
