<?xml version="1.0" encoding="UTF-8"?>
<testng-results ignored="0" total="4" passed="4" failed="0" skipped="0">
  <reporter-output>
  </reporter-output>
  <suite started-at="2022-07-21T18:06:50 IST" name="Suite" finished-at="2022-07-21T18:07:16 IST" duration-ms="26134">
    <groups>
    </groups>
    <test started-at="2022-07-21T18:06:50 IST" name="Test" finished-at="2022-07-21T18:07:16 IST" duration-ms="26134">
      <class name="extentreport.EReport">
        <test-method signature="EngtoOdia()[pri:0, instance:extentreport.EReport@3febb011]" started-at="2022-07-21T18:06:50 IST" name="EngtoOdia" finished-at="2022-07-21T18:06:58 IST" duration-ms="8598" status="PASS">
          <reporter-output>
          </reporter-output>
        </test-method> <!-- EngtoOdia -->
        <test-method signature="OdiatoEng()[pri:0, instance:extentreport.EReport@3febb011]" started-at="2022-07-21T18:06:58 IST" name="OdiatoEng" finished-at="2022-07-21T18:07:04 IST" duration-ms="5650" status="PASS">
          <reporter-output>
          </reporter-output>
        </test-method> <!-- OdiatoEng -->
        <test-method signature="OdiatoHindi()[pri:0, instance:extentreport.EReport@3febb011]" started-at="2022-07-21T18:07:04 IST" name="OdiatoHindi" finished-at="2022-07-21T18:07:10 IST" duration-ms="5796" status="PASS">
          <reporter-output>
          </reporter-output>
        </test-method> <!-- OdiatoHindi -->
        <test-method signature="HinditoOdia()[pri:0, instance:extentreport.EReport@3febb011]" started-at="2022-07-21T18:07:10 IST" name="HinditoOdia" finished-at="2022-07-21T18:07:16 IST" duration-ms="5971" status="PASS">
          <reporter-output>
          </reporter-output>
        </test-method> <!-- HinditoOdia -->
      </class> <!-- extentreport.EReport -->
    </test> <!-- Test -->
  </suite> <!-- Suite -->
</testng-results>
